0 silly input [ 'build' ]
1 silly flags { _: [ 'run' ],
1 silly flags   'reject-cycles': false,
1 silly flags   rejectCycles: false,
1 silly flags   script: 'build',
1 silly flags   args: [] }
2 verbose rootPath /Users/ksure/Development/airtheme
3 info version 2.11.0
4 silly existsSync /Users/ksure/Development/airtheme/VERSION
5 silly initialize attempt
6 silly initialize success
7 silly execute attempt
8 silly runScriptInDir build [] core
9 silly getExecOpts { cwd: '/Users/ksure/Development/airtheme/packages/core' }
10 silly runScriptInDir build [] type
11 silly getExecOpts { cwd: '/Users/ksure/Development/airtheme/packages/type' }
12 silly runScriptInDir build [] make
13 silly getExecOpts { cwd: '/Users/ksure/Development/airtheme/packages/make' }
14 error build Errored while running script in '@airtheme/make'
15 error execute callback with error
16 error Error: Command failed: yarn run build
16 error warning package.json: No license field
16 error
16 error src/index.js → dist/index.js...
16 error [!] (babel plugin) SyntaxError: /Users/ksure/Development/airtheme/packages/make/src/react-utils/MakeProvider.js: Unexpected token (9:2)
16 error
16 error    7 |
16 error    8 | const MakeProvider = ({ store = defaultStore, children }) => (
16 error >  9 |   <Provider store={store}>{children}</Provider>
16 error      |   ^
16 error   10 | )
16 error   11 |
16 error   12 | export default MakeProvider
16 error src/react-utils/MakeProvider.js (9:2)
16 error SyntaxError: /Users/ksure/Development/airtheme/packages/make/src/react-utils/MakeProvider.js: Unexpected token (9:2)
16 error
16 error    7 |
16 error    8 | const MakeProvider = ({ store = defaultStore, children }) => (
16 error >  9 |   <Provider store={store}>{children}</Provider>
16 error      |   ^
16 error   10 | )
16 error   11 |
16 error   12 | export default MakeProvider
16 error     at Parser.raise (/Users/ksure/Development/airtheme/packages/shared/node_modules/@babel/parser/lib/index.js:3938:15)
16 error     at Parser.unexpected (/Users/ksure/Development/airtheme/packages/shared/node_modules/@babel/parser/lib/index.js:5247:16)
16 error     at Parser.parseExprAtom (/Users/ksure/Development/airtheme/packages/shared/node_modules/@babel/parser/lib/index.js:6327:20)
16 error     at Parser.parseExprSubscripts (/Users/ksure/Development/airtheme/packages/shared/node_modules/@babel/parser/lib/index.js:5923:21)
16 error     at Parser.parseMaybeUnary (/Users/ksure/Development/airtheme/packages/shared/node_modules/@babel/parser/lib/index.js:5902:21)
16 error     at Parser.parseExprOps (/Users/ksure/Development/airtheme/packages/shared/node_modules/@babel/parser/lib/index.js:5811:21)
16 error     at Parser.parseMaybeConditional (/Users/ksure/Development/airtheme/packages/shared/node_modules/@babel/parser/lib/index.js:5783:21)
16 error     at Parser.parseMaybeAssign (/Users/ksure/Development/airtheme/packages/shared/node_modules/@babel/parser/lib/index.js:5730:21)
16 error     at Parser.parseParenAndDistinguishExpression (/Users/ksure/Development/airtheme/packages/shared/node_modules/@babel/parser/lib/index.js:6473:28)
16 error     at Parser.parseExprAtom (/Users/ksure/Development/airtheme/packages/shared/node_modules/@babel/parser/lib/index.js:6283:21)
16 error
16 error error Command failed with exit code 1.
16 error $ ./task build
16 error ../../node_modules/.bin/rollup -c
16 error info Visit https://yarnpkg.com/en/docs/cli/run for documentation about this command.
16 error
16 error     at Promise.all.then.arr (/Users/ksure/Development/airtheme/node_modules/lerna/node_modules/execa/index.js:236:11)
16 error     at <anonymous>
